1.25137
1.02843
0.421169
0.369357
0.353588
0.336566
0.326835
0.322404
0.330766
0.326836
0.298719
0.297039
0.32219
0.312178
0.315244
0.29167
0.302604
0.297424
0.308034
0.286283
0.298799
0.265848
0.301819
0.27433
0.304606
0.253714
0.286085
0.27468
0.282197
0.283462
0.310997
0.299454
0.303128
0.241235
0.287124
0.286626
0.285377
0.23703
0.236405
0.231659
0.226495
0.280011
0.293877
0.237167
0.271831
0.254436
0.283156
0.252843
0.223766
0.28148
0.282092
0.285985
0.222211
0.251265
0.235081
0.202412
0.246714
