1.37247
0.888906
0.614785
0.472926
0.4165
0.381835
0.36628
0.34922
0.342506
0.338203
0.334125
0.331862
0.331217
0.329525
0.329303
0.32906
0.326453
0.331395
0.327267
0.324821
0.326135
0.326476
0.325758
0.324025
0.324929
0.326612
0.326048
0.326194
0.325652
0.324942
0.324082
0.32525
0.325475
0.324061
0.32461
0.324571
0.324695
0.325643
0.325244
0.32407
0.325288
0.324057
0.32475
0.324188
0.32339
0.323092
0.325475
0.324378
0.325367
0.325409
0.323563
0.324216
0.32407
0.325765
0.32393
0.324045
0.322956
0.322585
0.323798
0.324681
0.325262
0.32301
0.323979
0.324188
0.324284
0.32524
0.325035
0.324464
0.323624
0.324907
0.325262
0.323299
0.325171
0.325296
0.324863
0.323958
0.322763
0.322965
0.325407
0.321539
0.323953
0.32516
0.327402
0.325171
0.323351
0.323463
0.323039
0.323117
0.323779
0.324137
0.323726
0.321771
0.323871
0.324237
0.32258
0.321321
0.324833
0.325311
0.322972
0.325473
0.324411
0.323995
0.322981
0.32145
0.322621
0.322546
0.320648
0.321185
0.322223
0.319791
0.319764
0.318886
0.3193
0.317389
0.319271
0.317574
0.316519
0.315797
0.317783
0.315211
0.312049
0.309562
0.308078
0.309798
0.307095
0.305216
0.304623
0.303188
0.301351
0.30164
0.304401
0.29996
0.29928
0.29611
0.294401
0.296442
0.291652
0.295537
0.291694
0.289264
0.292582
0.288078
0.288189
0.283656
0.286608
0.285971
0.289686
0.279021
0.284696
0.285635
0.281272
0.283655
0.280175
0.281024
0.280243
0.279311
0.280525
0.283292
0.276381
0.275179
0.275233
0.273519
0.275105
0.286862
0.272328
0.274018
0.274992
0.274239
0.275701
0.274509
0.270551
0.271136
0.271287
0.27385
0.268252
0.269047
0.266409
0.268071
0.265346
0.265492
0.2663
0.261473
0.272327
0.266148
0.262982
0.267829
0.261158
0.257453
0.261062
0.256967
0.259715
0.259473
0.260616
0.254957
0.254338
0.255748
0.258253
0.262287
0.266194
0.265681
0.256636
0.252778
0.250305
0.259049
0.253907
0.250868
0.253996
0.250259
0.258304
0.246312
0.249737
0.25445
0.253266
0.248019
0.256344
0.250747
0.251654
0.254507
0.250974
0.252154
0.254081
0.249097
0.252908
0.25162
0.249978
0.254495
0.247631
0.253171
0.253602
0.253395
0.251025
0.240754
0.245685
0.251422
0.249146
0.251395
0.25638
0.244932
0.250875
0.251653
0.254465
0.245848
0.249635
0.249286
0.241567
0.250077
0.252289
0.245389
0.250372
0.240609
0.247243
0.252976
0.251909
0.249143
0.252689
0.247341
0.245595
0.252342
0.247128
0.245288
0.240785
0.246726
0.24292
0.247428
0.247352
0.247135
0.244359
0.246949
0.245747
0.243375
0.242701
0.246511
0.251116
0.242031
0.237637
0.247658
0.244949
0.237141
0.24291
0.245621
0.243554
0.246008
0.242228
0.245253
0.247375
0.240654
0.243005
0.244138
0.24493
0.253039
0.240134
0.245725
0.249626
0.241451
0.24692
0.247615
0.24536
0.244734
0.241061
0.24951
0.247594
0.251983
0.244614
0.245592
0.243864
0.242081
0.242651
0.243976
0.239443
0.240496
0.24012
0.236173
0.24099
0.246738
0.240376
0.240593
0.243101
0.249709
0.245073
0.242413
0.238132
0.244494
0.24004
0.241869
0.243697
0.243157
0.245145
0.241677
0.232922
0.244584
0.237058
0.236938
0.239499
0.239572
0.24098
0.236406
0.243166
0.233301
0.232287
0.233246
0.237384
0.236166
0.247971
0.232482
0.236093
0.235094
0.239989
0.228868
0.238412
0.232186
0.233144
0.237332
0.232732
0.232378
0.238452
0.232528
0.24057
0.23302
0.231286
0.225695
0.232923
0.229945
0.227867
0.233622
0.232403
0.232347
0.226226
0.241342
0.23141
0.230027
0.226461
0.226261
0.227589
0.23223
0.23143
0.231621
0.222347
0.226828
0.226893
0.222663
0.224902
0.227268
0.235753
0.222442
0.23039
0.23084
0.230345
0.230405
0.223833
0.223209
0.225051
0.228911
0.226238
0.234165
0.230679
0.228533
0.228275
0.225402
0.219494
0.222789
0.234675
0.235699
0.223932
0.223834
0.235426
0.230973
0.229323
0.227557
0.228182
0.228471
0.233705
0.218249
0.221285
0.220666
0.229002
0.225957
0.223079
0.225907
0.223025
0.231716
0.232795
0.227088
0.228462
0.222047
0.223702
0.226094
0.222295
0.23177
0.222274
0.219844
0.225911
0.231147
0.228775
0.217301
0.21965
0.224205
0.221466
0.222449
0.226054
0.22745
0.226018
0.223276
0.21896
0.222339
0.212822
0.221132
0.214877
0.224324
0.219071
0.226701
0.222563
0.22223
0.220337
0.221936
0.217397
0.219534
0.228331
0.225631
0.225264
0.221225
0.222497
0.21444
0.226105
0.218216
0.223349
0.219979
0.221805
0.221248
0.2188
0.22251
0.219957
0.220497
0.215514
0.219126
0.223057
0.223883
0.220449
0.217867
0.223104
0.21703
0.215637
0.218904
0.21778
0.221346
0.213449
0.223841
0.218907
0.216765
0.218355
0.229164
0.220083
0.220803
0.213463
0.217565
0.217481
0.220352
0.217188
0.221723
0.215957
0.213533
