0.668657
0.470295
0.226191
0.132857
0.193842
0.10226
0.14786
0.115112
0.0924994
0.135748
0.134365
0.0676431
0.065268
0.0882477
0.127256
0.132036
0.085359
0.0775513
0.102427
0.0655472
0.103084
0.128493
0.0721957
0.0640865
0.0718652
0.0857816
0.120259
0.0661191
0.143903
0.0996522
0.0745709
0.120346
0.0655714
0.124751
0.12903
0.0858141
0.0844726
0.0997379
0.0756525
0.0868644
0.0785638
0.0745493
0.0808933
0.0966888
0.0815918
0.0629558
0.0735527
0.0770193
0.0741531
0.0608017
0.0827782
0.0627332
0.0640282
0.0581597
0.0711682
0.0731992
0.0763629
0.0741295
0.0548685
0.0679342
0.0809954
0.0724385
0.0610045
0.0626634
0.0645607
0.0658163
0.0580894
0.0508991
0.041699
0.0495773
0.0391737
0.043041
0.0427498
0.0420138
0.0463523
0.0387114
0.0379848
0.0398608
0.0747147
0.03209
0.041949
0.0287174
0.0334907
0.0265497
0.0572302
0.0345628
0.0354864
0.022261
0.0266615
0.0191248
0.0386801
0.027744
0.0323746
0.0301106
0.0256765
0.0180646
0.0260499
0.017925
0.0190205
0.0404904
0.0195126
0.0108561
0.0231192
0.0235094
0.0163878
0.0514847
0.0179963
0.0301552
0.0146504
0.0165033
0.0194045
0.0122755
0.0143825
0.0111073
0.0170206
0.0164557
0.0429862
0.00704637
0.0153258
0.0156875
0.0208227
0.0135803
0.0228455
0.0100357
0.013046
0.0119793
0.00972942
0.0065981
0.00499245
0.0209796
0.0140761
0.00672041
0.0234321
0.0125743
0.0150786
0.00654996
0.00650739
0.00917018
0.00931389
0.00558202
0.00672304
0.0185248
0.00873729
0.00785783
0.0161981
0.0109349
0.00606203
0.0102221
0.00988114
0.0244883
0.008242
0.00834638
0.0129589
0.0194695
0.00423976
0.00694341
0.0117222
0.00339428
0.00552056
0.00615947
0.00334403
0.00691067
0.0149509
0.00935469
0.00524301
0.0141543
0.0160245
0.00924935
0.0127516
0.00484653
0.00945414
0.0148144
0.0111154
0.00427849
0.011288
0.0107054
0.0129651
0.0099332
0.00325954
0.00375524
0.00406198
0.0028636
0.00827026
0.00928628
0.00233568
0.00900319
0.00205415
0.00309372
0.0153754
0.00854352
0.00540753
0.00993758
0.00683327
0.0068103
0.0102843
0.00627757
0.00252773
0.00333276
0.00717124
0.00733249
0.00409212
0.00233299
0.00496153
0.0102382
0.00763867
0.0035732
0.00170603
0.00643894
0.00468009
0.00307098
0.00281136
0.00246961
0.00249974
0.0024468
0.00694142
0.00594762
0.00467189
0.00225573
0.00338578
0.00876406
0.00453546
0.00236187
0.00200353
0.00357625
0.00547976
0.00128649
0.00263426
0.00219258
0.00148048
0.00306209
0.00187188
