1.45463
1.02555
0.660697
0.429582
0.376125
0.355506
0.346245
0.344523
0.339158
0.335269
0.32869
0.328883
0.327717
0.328519
0.322658
0.314447
0.322711
0.308598
0.300576
0.313222
0.31637
0.284136
0.214875
0.142841
0.0988951
0.0738517
0.0504835
0.0422096
0.0347418
0.0285599
0.0229814
0.0219795
0.017318
0.0160958
0.0151043
0.0123127
0.0105899
0.00988797
0.00812751
0.0109977
0.00717572
0.00667691
0.00662368
0.00523788
0.00486549
0.00442599
0.00438539
0.00359989
0.00303749
0.00312503
0.00248447
0.00227392
0.002167
0.00204354
0.0020506
0.00215354
0.00173481
0.00163386
0.00151032
0.00141189
0.00119033
0.00124714
0.00106842
0.000975546
0.00101989
0.000819845
0.000730178
0.000849213
0.000736168
0.000683305
0.000761938
0.000557935
0.000568768
0.000565818
0.000532711
0.000459331
0.000430983
0.000495656
0.000387848
0.000401703
0.000346329
0.000348169
0.000309916
0.000287606
0.000263338
0.000324117
0.000322378
0.000281858
0.0002389
0.000235382
0.000277776
0.00021548
0.000212531
0.0001953
0.000216583
0.000208636
0.000204232
0.000198574
0.000191078
0.000173147
0.00016206
0.000157422
0.0001683
0.000159733
0.000187186
0.000155821
0.000139515
0.000170507
0.000167035
0.000197352
0.000169839
0.000147156
0.0001381
0.000266781
0.000158736
0.000156731
0.0001278
0.000124191
0.00011344
0.000129879
0.000112222
0.000134194
0.000120249
0.000106352
0.000130806
9.4802e-05
0.000136059
0.000100475
0.000132139
0.000107496
9.71699e-05
0.00012512
9.0739e-05
0.0001217
0.000100424
0.000104854
9.00913e-05
9.18441e-05
9.90324e-05
8.85647e-05
8.0431e-05
8.88856e-05
8.90521e-05
8.15993e-05
7.9501e-05
8.36402e-05
7.41669e-05
8.63937e-05
7.58371e-05
8.09451e-05
7.06041e-05
6.75652e-05
6.86969e-05
7.3326e-05
7.82436e-05
8.52496e-05
7.58276e-05
7.37059e-05
6.73139e-05
6.84369e-05
6.40797e-05
5.97704e-05
7.62331e-05
5.79034e-05
6.6391e-05
5.94814e-05
6.17052e-05
6.90922e-05
6.68339e-05
6.44259e-05
6.18655e-05
5.58102e-05
7.12885e-05
5.79479e-05
5.39198e-05
5.26723e-05
5.54164e-05
5.76682e-05
5.57241e-05
4.98075e-05
5.11011e-05
5.66913e-05
0.000128471
5.88971e-05
5.28416e-05
4.63663e-05
5.28283e-05
4.7926e-05
5.08013e-05
4.81471e-05
4.78947e-05
5.5122e-05
4.79419e-05
5.66319e-05
4.50586e-05
4.62258e-05
4.88728e-05
5.29886e-05
4.87996e-05
4.56199e-05
4.03833e-05
4.95969e-05
4.87544e-05
4.22558e-05
5.2233e-05
4.19163e-05
4.5684e-05
5.51989e-05
4.35068e-05
4.37903e-05
4.0235e-05
4.05094e-05
3.98184e-05
4.2054e-05
4.08903e-05
4.30489e-05
4.39163e-05
4.66521e-05
4.55605e-05
4.58461e-05
3.94264e-05
4.1877e-05
4.24663e-05
3.77137e-05
3.95113e-05
3.70788e-05
4.21468e-05
3.95199e-05
4.29528e-05
3.7313e-05
4.30811e-05
3.68199e-05
3.92141e-05
3.97157e-05
3.64102e-05
3.45029e-05
4.18417e-05
3.86935e-05
3.55416e-05
3.61914e-05
3.34066e-05
3.87014e-05
3.71136e-05
3.4329e-05
3.43012e-05
3.33409e-05
3.38817e-05
3.39473e-05
4.10726e-05
3.10569e-05
3.03587e-05
3.61215e-05
3.45952e-05
3.59674e-05
3.70443e-05
3.38489e-05
3.2723e-05
3.07254e-05
3.58137e-05
3.40634e-05
3.63765e-05
3.28694e-05
2.88086e-05
3.2348e-05
2.61102e-05
3.19098e-05
2.98621e-05
2.78906e-05
2.92309e-05
3.32823e-05
3.34874e-05
3.07771e-05
2.91832e-05
2.86928e-05
3.0636e-05
3.31585e-05
3.18595e-05
2.9752e-05
3.23925e-05
2.82396e-05
2.95833e-05
3.10955e-05
2.7374e-05
3.08666e-05
3.38326e-05
3.33368e-05
2.54635e-05
2.89477e-05
2.48088e-05
2.88674e-05
3.38326e-05
2.85749e-05
3.16132e-05
2.60803e-05
2.86499e-05
2.89425e-05
2.15727e-05
2.66843e-05
2.74023e-05
2.92392e-05
2.28066e-05
2.26107e-05
2.51088e-05
2.39524e-05
2.45777e-05
2.64521e-05
2.98053e-05
3.08468e-05
2.4897e-05
2.37138e-05
4.76019e-05
2.69632e-05
2.67221e-05
2.54816e-05
2.21398e-05
2.63054e-05
2.71643e-05
2.60885e-05
2.62708e-05
2.54054e-05
2.73135e-05
2.61015e-05
2.29638e-05
2.53071e-05
2.37996e-05
2.30502e-05
2.67392e-05
2.34984e-05
2.44275e-05
2.55197e-05
2.11335e-05
2.48318e-05
2.32844e-05
2.16912e-05
2.4828e-05
2.11357e-05
2.1763e-05
2.03342e-05
2.19287e-05
2.16731e-05
2.07489e-05
2.27785e-05
2.69361e-05
2.41744e-05
2.34503e-05
2.62117e-05
2.02181e-05
2.10998e-05
2.12179e-05
1.98663e-05
1.9114e-05
1.96823e-05
2.12445e-05
2.16461e-05
1.97042e-05
2.01045e-05
2.02073e-05
2.12671e-05
1.77171e-05
1.95971e-05
2.30954e-05
1.91234e-05
2.1806e-05
2.00818e-05
2.42454e-05
1.85642e-05
1.98454e-05
1.87463e-05
2.64959e-05
2.80008e-05
2.0826e-05
1.86855e-05
2.03933e-05
1.8362e-05
2.09808e-05
1.84057e-05
2.07869e-05
1.93829e-05
1.65285e-05
1.98746e-05
2.38531e-05
2.22699e-05
1.93743e-05
2.3435e-05
1.90935e-05
1.70511e-05
1.75756e-05
1.66715e-05
1.69252e-05
1.99514e-05
1.90038e-05
2.05644e-05
1.80015e-05
1.7257e-05
1.7323e-05
1.74653e-05
1.90513e-05
2.03902e-05
1.72059e-05
2.20439e-05
1.77114e-05
1.89329e-05
1.65237e-05
1.86397e-05
1.76907e-05
1.78698e-05
1.82446e-05
1.64837e-05
1.74007e-05
1.75635e-05
1.61119e-05
1.93776e-05
1.6859e-05
1.78252e-05
1.73825e-05
1.94115e-05
1.67133e-05
1.5313e-05
1.64818e-05
2.00243e-05
1.82971e-05
1.91639e-05
1.66675e-05
1.95346e-05
1.81269e-05
1.60837e-05
2.00948e-05
1.56394e-05
1.56375e-05
1.81084e-05
1.5684e-05
1.62898e-05
1.47601e-05
1.77923e-05
2.03606e-05
1.8697e-05
1.98796e-05
1.48397e-05
1.84286e-05
1.69426e-05
1.46378e-05
1.5795e-05
1.58401e-05
1.42423e-05
1.49905e-05
1.5325e-05
1.69384e-05
1.6077e-05
2.02889e-05
1.58699e-05
1.71989e-05
1.94501e-05
1.72514e-05
1.55495e-05
1.59558e-05
1.61031e-05
1.6239e-05
1.42369e-05
1.6424e-05
1.47085e-05
1.63929e-05
1.5681e-05
1.50316e-05
1.49724e-05
2.0325e-05
1.37807e-05
1.44256e-05
1.64199e-05
1.59882e-05
1.56931e-05
1.40965e-05
1.50296e-05
1.68344e-05
1.5341e-05
1.35385e-05
1.7301e-05
1.36577e-05
1.52961e-05
1.40246e-05
1.54781e-05
1.37431e-05
1.5796e-05
1.45358e-05
1.93334e-05
1.47714e-05
1.43394e-05
1.60608e-05
1.27306e-05
1.38478e-05
1.48805e-05
1.34972e-05
1.30589e-05
1.39829e-05
1.31925e-05
1.52477e-05
1.23252e-05
1.60101e-05
1.22458e-05
1.24276e-05
1.30499e-05
